{"name": "test_create_user_missing_email", "status": "failed", "statusDetails": {"message": "AssertionError: assert 201 in [400, 422]\n +  where 201 = <Response [201]>.status_code", "trace": "self = <test_create_user.TestCreateUser object at 0x000001FBDF2E4190>\n\n    @allure.story(\"Create user with missing field\")\n    def test_create_user_missing_email(self):\n        api = UserAPI()\n        res = api.create_user(\"user\", \"\", \"123456\")\n>       assert res.status_code in [400, 422]\nE       assert 201 in [400, 422]\nE        +  where 201 = <Response [201]>.status_code\n\ntestcases\\test_create_user.py:21: AssertionError"}, "start": 1760200694861, "stop": 1760200696233, "uuid": "8ee4e681-3d03-453f-9407-8f54fd6dc482", "historyId": "5067bde7b96942791f1a1d76e3e99066", "testCaseId": "5067bde7b96942791f1a1d76e3e99066", "fullName": "testcases.test_create_user.TestCreateUser#test_create_user_missing_email", "labels": [{"name": "feature", "value": "Create User API"}, {"name": "story", "value": "Create user with missing field"}, {"name": "parentSuite", "value": "testcases"}, {"name": "suite", "value": "test_create_user"}, {"name": "subSuite", "value": "TestCreateUser"}, {"name": "host", "value": "DESKTOP-AC1JF6R"}, {"name": "thread", "value": "10832-MainThread"}, {"name": "framework", "value": "pytest"}, {"name": "language", "value": "cpython3"}, {"name": "package", "value": "testcases.test_create_user"}], "titlePath": ["testcases", "test_create_user.py", "TestCreateUser"]}