{"name": "test_create_user_empty_username", "status": "failed", "statusDetails": {"message": "AssertionError: assert 201 in [400, 422]\n +  where 201 = <Response [201]>.status_code", "trace": "self = <test_create_user.TestCreateUser object at 0x00000210E1477E30>\n\n    @allure.story(\"Create user with empty username\")\n    def test_create_user_empty_username(self):\n        api = UserAPI()\n        res = api.create_user(\"\", random_email(), \"123456\")\n>       assert res.status_code in [400, 422]\nE       assert 201 in [400, 422]\nE        +  where 201 = <Response [201]>.status_code\n\ntestcases\\test_create_user.py:40: AssertionError"}, "start": 1760526634771, "stop": 1760526636818, "uuid": "7b937f6c-d5fa-4224-ad7b-cc4f7c11f268", "historyId": "1b4778ded44e2ffc1a8ae63fee0f45cb", "testCaseId": "1b4778ded44e2ffc1a8ae63fee0f45cb", "fullName": "testcases.test_create_user.TestCreateUser#test_create_user_empty_username", "labels": [{"name": "feature", "value": "Create User API"}, {"name": "story", "value": "Create user with empty username"}, {"name": "parentSuite", "value": "testcases"}, {"name": "suite", "value": "test_create_user"}, {"name": "subSuite", "value": "TestCreateUser"}, {"name": "host", "value": "DESKTOP-AC1JF6R"}, {"name": "thread", "value": "6060-MainThread"}, {"name": "framework", "value": "pytest"}, {"name": "language", "value": "cpython3"}, {"name": "package", "value": "testcases.test_create_user"}], "titlePath": ["testcases", "test_create_user.py", "TestCreateUser"]}