{"name": "test_create_user_short_password", "status": "failed", "statusDetails": {"message": "AssertionError: assert 201 in [400, 422]\n +  where 201 = <Response [201]>.status_code", "trace": "self = <test_create_user.TestCreateUser object at 0x00000210E148FDF0>\n\n    @allure.story(\"Create user with short password\")\n    def test_create_user_short_password(self):\n        api = UserAPI()\n        res = api.create_user(random_username(), random_email(), \"12\")\n>       assert res.status_code in [400, 422]\nE       assert 201 in [400, 422]\nE        +  where 201 = <Response [201]>.status_code\n\ntestcases\\test_create_user.py:46: AssertionError"}, "start": 1760526636845, "stop": 1760526638713, "uuid": "3bea7916-3c36-4e91-aadb-5e0bf065ec1e", "historyId": "d55c71063bd6c0c17c875ad51a883f88", "testCaseId": "d55c71063bd6c0c17c875ad51a883f88", "fullName": "testcases.test_create_user.TestCreateUser#test_create_user_short_password", "labels": [{"name": "feature", "value": "Create User API"}, {"name": "story", "value": "Create user with short password"}, {"name": "parentSuite", "value": "testcases"}, {"name": "suite", "value": "test_create_user"}, {"name": "subSuite", "value": "TestCreateUser"}, {"name": "host", "value": "DESKTOP-AC1JF6R"}, {"name": "thread", "value": "6060-MainThread"}, {"name": "framework", "value": "pytest"}, {"name": "language", "value": "cpython3"}, {"name": "package", "value": "testcases.test_create_user"}], "titlePath": ["testcases", "test_create_user.py", "TestCreateUser"]}