{"name": "test_create_user_long_username", "status": "failed", "statusDetails": {"message": "AssertionError: assert 201 in [400, 422]\n +  where 201 = <Response [201]>.status_code", "trace": "self = <test_create_user.TestCreateUser object at 0x0000012A594A5BA0>\n\n    @allure.story(\"Create user with too long username (edge case)\")\n    def test_create_user_long_username(self):\n        api = UserAPI()\n        long_username = \"user_\" + \"x\" * 200\n        res = api.create_user(long_username, random_email(), \"123456\")\n>       assert res.status_code in [400, 422]\nE       assert 201 in [400, 422]\nE        +  where 201 = <Response [201]>.status_code\n\ntestcases\\test_create_user.py:35: AssertionError"}, "start": 1760265825907, "stop": 1760265827393, "uuid": "ae5ac708-c84f-4a5c-afc5-85a1829a375c", "historyId": "531bda46d3c775b8139188ff1ad5c86b", "testCaseId": "531bda46d3c775b8139188ff1ad5c86b", "fullName": "testcases.test_create_user.TestCreateUser#test_create_user_long_username", "labels": [{"name": "feature", "value": "Create User API"}, {"name": "story", "value": "Create user with too long username (edge case)"}, {"name": "parentSuite", "value": "testcases"}, {"name": "suite", "value": "test_create_user"}, {"name": "subSuite", "value": "TestCreateUser"}, {"name": "host", "value": "DESKTOP-AC1JF6R"}, {"name": "thread", "value": "2260-MainThread"}, {"name": "framework", "value": "pytest"}, {"name": "language", "value": "cpython3"}, {"name": "package", "value": "testcases.test_create_user"}], "titlePath": ["testcases", "test_create_user.py", "TestCreateUser"]}