{"name": "test_create_user_missing_email", "status": "failed", "statusDetails": {"message": "AssertionError: assert 404 in [400, 422]\n +  where 404 = <Response [404]>.status_code", "trace": "self = <test_create_user.TestCreateUser object at 0x0000021ED4BA4190>\n\n    @allure.story(\"Create user with missing field\")\n    def test_create_user_missing_email(self):\n        api = UserAPI()\n        res = api.create_user(\"user\", \"\", \"123456\")\n>       assert res.status_code in [400, 422]\nE       assert 404 in [400, 422]\nE        +  where 404 = <Response [404]>.status_code\n\ntestcases\\test_create_user.py:21: AssertionError"}, "start": 1760199706794, "stop": 1760199708156, "uuid": "94b99724-3911-4a99-b82a-16c35cc38afa", "historyId": "5067bde7b96942791f1a1d76e3e99066", "testCaseId": "5067bde7b96942791f1a1d76e3e99066", "fullName": "testcases.test_create_user.TestCreateUser#test_create_user_missing_email", "labels": [{"name": "feature", "value": "Create User API"}, {"name": "story", "value": "Create user with missing field"}, {"name": "parentSuite", "value": "testcases"}, {"name": "suite", "value": "test_create_user"}, {"name": "subSuite", "value": "TestCreateUser"}, {"name": "host", "value": "DESKTOP-AC1JF6R"}, {"name": "thread", "value": "8276-MainThread"}, {"name": "framework", "value": "pytest"}, {"name": "language", "value": "cpython3"}, {"name": "package", "value": "testcases.test_create_user"}], "titlePath": ["testcases", "test_create_user.py", "TestCreateUser"]}